# JRE version: OpenJDK Runtime Environment (8.0_202) (build 1.8.0_202-release-1483-b49-5587405)
# Java VM: OpenJDK 64-Bit Server VM (25.202-b49-5587405 mixed mode linux-amd64 compressed oops)
Heap:
 PSYoungGen      total 324608K, used 24548K [0x00000000e0000000, 0x00000000f5880000, 0x0000000100000000)
  eden space 300032K, 0% used [0x00000000e0000000,0x00000000e0000000,0x00000000f2500000)
  from space 24576K, 99% used [0x00000000f2500000,0x00000000f3cf9288,0x00000000f3d00000)
  to   space 20480K, 0% used [0x00000000f3d00000,0x00000000f3d00000,0x00000000f5100000)
 ParOldGen       total 128512K, used 44618K [0x00000000a0000000, 0x00000000a7d80000, 0x00000000e0000000)
  object space 128512K, 34% used [0x00000000a0000000,0x00000000a2b92a78,0x00000000a7d80000)
 Metaspace       used 70903K, capacity 72978K, committed 73216K, reserved 1112064K
  class space    used 9196K, capacity 9708K, committed 9728K, reserved 1048576K
GC Heap History (10 events):
Event: 68.519 GC heap after
Heap after GC invocations=19 (full 3):
 PSYoungGen      total 287744K, used 3987K [0x00000000e0000000, 0x00000000f2e80000, 0x0000000100000000)
  eden space 274944K, 0% used [0x00000000e0000000,0x00000000e0000000,0x00000000f0c80000)
  from space 12800K, 31% used [0x00000000f2200000,0x00000000f25e4e40,0x00000000f2e80000)
  to   space 17408K, 0% used [0x00000000f0c80000,0x00000000f0c80000,0x00000000f1d80000)
 ParOldGen       total 128512K, used 40304K [0x00000000a0000000, 0x00000000a7d80000, 0x00000000e0000000)
  object space 128512K, 31% used [0x00000000a0000000,0x00000000a275c260,0x00000000a7d80000)
 Metaspace       used 58793K, capacity 60324K, committed 60632K, reserved 1101824K
  class space    used 7533K, capacity 7937K, committed 8064K, reserved 1048576K
}
Event: 87.296 GC heap before
{Heap before GC invocations=20 (full 3):
 PSYoungGen      total 287744K, used 278931K [0x00000000e0000000, 0x00000000f2e80000, 0x0000000100000000)
  eden space 274944K, 100% used [0x00000000e0000000,0x00000000f0c80000,0x00000000f0c80000)
  from space 12800K, 31% used [0x00000000f2200000,0x00000000f25e4e40,0x00000000f2e80000)
  to   space 17408K, 0% used [0x00000000f0c80000,0x00000000f0c80000,0x00000000f1d80000)
 ParOldGen       total 128512K, used 40304K [0x00000000a0000000, 0x00000000a7d80000, 0x00000000e0000000)
  object space 128512K, 31% used [0x00000000a0000000,0x00000000a275c260,0x00000000a7d80000)
 Metaspace       used 59507K, capacity 61008K, committed 61144K, reserved 1101824K
  class space    used 7600K, capacity 8005K, committed 8064K, reserved 1048576K
Event: 87.300 GC heap after
Heap after GC invocations=20 (full 3):
 PSYoungGen      total 267776K, used 3009K [0x00000000e0000000, 0x00000000f2380000, 0x0000000100000000)
  eden space 264704K, 0% used [0x00000000e0000000,0x00000000e0000000,0x00000000f0280000)
  from space 3072K, 97% used [0x00000000f0c80000,0x00000000f0f705b8,0x00000000f0f80000)
  to   space 16896K, 0% used [0x00000000f1300000,0x00000000f1300000,0x00000000f2380000)
 ParOldGen       total 128512K, used 40312K [0x00000000a0000000, 0x00000000a7d80000, 0x00000000e0000000)
  object space 128512K, 31% used [0x00000000a0000000,0x00000000a275e260,0x00000000a7d80000)
 Metaspace       used 59507K, capacity 61008K, committed 61144K, reserved 1101824K
  class space    used 7600K, capacity 8005K, committed 8064K, reserved 1048576K
}
Event: 100.595 GC heap before
{Heap before GC invocations=21 (full 3):
 PSYoungGen      total 267776K, used 267713K [0x00000000e0000000, 0x00000000f2380000, 0x0000000100000000)
  eden space 264704K, 100% used [0x00000000e0000000,0x00000000f0280000,0x00000000f0280000)
  from space 3072K, 97% used [0x00000000f0c80000,0x00000000f0f705b8,0x00000000f0f80000)
  to   space 16896K, 0% used [0x00000000f1300000,0x00000000f1300000,0x00000000f2380000)
 ParOldGen       total 128512K, used 40312K [0x00000000a0000000, 0x00000000a7d80000, 0x00000000e0000000)
  object space 128512K, 31% used [0x00000000a0000000,0x00000000a275e260,0x00000000a7d80000)
 Metaspace       used 59589K, capacity 61136K, committed 61312K, reserved 1101824K
  class space    used 7600K, capacity 8005K, committed 8064K, reserved 1048576K
Event: 100.950 GC heap after
Heap after GC invocations=21 (full 3):
 PSYoungGen      total 279552K, used 14365K [0x00000000e0000000, 0x00000000f4d00000, 0x0000000100000000)
  eden space 262656K, 0% used [0x00000000e0000000,0x00000000e0000000,0x00000000f0080000)
  from space 16896K, 85% used [0x00000000f1300000,0x00000000f21075d0,0x00000000f2380000)
  to   space 18944K, 0% used [0x00000000f0080000,0x00000000f0080000,0x00000000f1300000)
 ParOldGen       total 128512K, used 40320K [0x00000000a0000000, 0x00000000a7d80000, 0x00000000e0000000)
  object space 128512K, 31% used [0x00000000a0000000,0x00000000a2760260,0x00000000a7d80000)
 Metaspace       used 59589K, capacity 61136K, committed 61312K, reserved 1101824K
  class space    used 7600K, capacity 8005K, committed 8064K, reserved 1048576K
}
Event: 107.003 GC heap before
{Heap before GC invocations=22 (full 3):
 PSYoungGen      total 279552K, used 277021K [0x00000000e0000000, 0x00000000f4d00000, 0x0000000100000000)
  eden space 262656K, 100% used [0x00000000e0000000,0x00000000f0080000,0x00000000f0080000)
  from space 16896K, 85% used [0x00000000f1300000,0x00000000f21075d0,0x00000000f2380000)
  to   space 18944K, 0% used [0x00000000f0080000,0x00000000f0080000,0x00000000f1300000)
 ParOldGen       total 128512K, used 40320K [0x00000000a0000000, 0x00000000a7d80000, 0x00000000e0000000)
  object space 128512K, 31% used [0x00000000a0000000,0x00000000a2760260,0x00000000a7d80000)
 Metaspace       used 59591K, capacity 61136K, committed 61312K, reserved 1101824K
  class space    used 7600K, capacity 8005K, committed 8064K, reserved 1048576K
Event: 107.102 GC heap after
Heap after GC invocations=22 (full 3):
 PSYoungGen      total 281600K, used 14852K [0x00000000e0000000, 0x00000000f5100000, 0x0000000100000000)
  eden space 262656K, 0% used [0x00000000e0000000,0x00000000e0000000,0x00000000f0080000)
  from space 18944K, 78% used [0x00000000f0080000,0x00000000f0f01040,0x00000000f1300000)
  to   space 20480K, 0% used [0x00000000f3d00000,0x00000000f3d00000,0x00000000f5100000)
 ParOldGen       total 128512K, used 40328K [0x00000000a0000000, 0x00000000a7d80000, 0x00000000e0000000)
  object space 128512K, 31% used [0x00000000a0000000,0x00000000a2762260,0x00000000a7d80000)
 Metaspace       used 59591K, capacity 61136K, committed 61312K, reserved 1101824K
  class space    used 7600K, capacity 8005K, committed 8064K, reserved 1048576K
}
Event: 118.163 GC heap before
{Heap before GC invocations=23 (full 3):
 PSYoungGen      total 281600K, used 277508K [0x00000000e0000000, 0x00000000f5100000, 0x0000000100000000)
  eden space 262656K, 100% used [0x00000000e0000000,0x00000000f0080000,0x00000000f0080000)
  from space 18944K, 78% used [0x00000000f0080000,0x00000000f0f01040,0x00000000f1300000)
  to   space 20480K, 0% used [0x00000000f3d00000,0x00000000f3d00000,0x00000000f5100000)
 ParOldGen       total 128512K, used 40328K [0x00000000a0000000, 0x00000000a7d80000, 0x00000000e0000000)
  object space 128512K, 31% used [0x00000000a0000000,0x00000000a2762260,0x00000000a7d80000)
 Metaspace       used 64682K, capacity 66422K, committed 66688K, reserved 1107968K
  class space    used 8344K, capacity 8774K, committed 8832K, reserved 1048576K
Event: 118.217 GC heap after
Heap after GC invocations=23 (full 3):
 PSYoungGen      total 320512K, used 20455K [0x00000000e0000000, 0x00000000f5880000, 0x0000000100000000)
  eden space 300032K, 0% used [0x00000000e0000000,0x00000000e0000000,0x00000000f2500000)
  from space 20480K, 99% used [0x00000000f3d00000,0x00000000f50f9c18,0x00000000f5100000)
  to   space 24576K, 0% used [0x00000000f2500000,0x00000000f2500000,0x00000000f3d00000)
 ParOldGen       total 128512K, used 42600K [0x00000000a0000000, 0x00000000a7d80000, 0x00000000e0000000)
  object space 128512K, 33% used [0x00000000a0000000,0x00000000a299a270,0x00000000a7d80000)
 Metaspace       used 64682K, capacity 66422K, committed 66688K, reserved 1107968K
  class space    used 8344K, capacity 8774K, committed 8832K, reserved 1048576K
}
Event: 204.667 GC heap before
{Heap before GC invocations=24 (full 3):
 PSYoungGen      total 320512K, used 320487K [0x00000000e0000000, 0x00000000f5880000, 0x0000000100000000)
  eden space 300032K, 100% used [0x00000000e0000000,0x00000000f2500000,0x00000000f2500000)
  from space 20480K, 99% used [0x00000000f3d00000,0x00000000f50f9c18,0x00000000f5100000)
  to   space 24576K, 0% used [0x00000000f2500000,0x00000000f2500000,0x00000000f3d00000)
 ParOldGen       total 128512K, used 42600K [0x00000000a0000000, 0x00000000a7d80000, 0x00000000e0000000)
  object space 128512K, 33% used [0x00000000a0000000,0x00000000a299a270,0x00000000a7d80000)
 Metaspace       used 70903K, capacity 72978K, committed 73216K, reserved 1112064K
  class space    used 9196K, capacity 9708K, committed 9728K, reserved 1048576K

